#
# There is insufficient memory for the Java Runtime Environment to continue.
# Native memory allocation (malloc) failed to allocate 410336 bytes for Chunk::new
# Possible reasons:
#   The system is out of physical RAM or swap space
#   The process is running with CompressedOops enabled, and the Java Heap may be blocking the growth of the native heap
# Possible solutions:
#   Reduce memory load on the system
#   Increase physical memory or swap space
#   Check if swap backing store is full
#   Decrease Java heap size (-Xmx/-Xms)
#   Decrease number of Java threads
#   Decrease Java thread stack sizes (-Xss)
#   Set larger code cache with -XX:ReservedCodeCacheSize=
#   JVM is running with Unscaled Compressed Oops mode in which the Java heap is
#     placed in the first 4GB address space. The Java Heap base address is the
#     maximum limit for the native heap growth. Please use -XX:HeapBaseMinAddress
#     to set the Java Heap base and to place the Java Heap above 4GB virtual address.
# This output file may be truncated or incomplete.
#
#  Out of Memory Error (allocation.cpp:389), pid=38312, tid=0x0000000000003894
#
# JRE version: Java(TM) SE Runtime Environment (8.0_221-b11) (build 1.8.0_221-b11)
# Java VM: Java HotSpot(TM) 64-Bit Server VM (25.221-b11 mixed mode windows-amd64 compressed oops)
# Failed to write core dump. Minidumps are not enabled by default on client versions of Windows
#

---------------  T H R E A D  ---------------

Current thread (0x000000001618d800):  JavaThread "C2 CompilerThread0" daemon [_thread_in_native, id=14484, stack(0x0000000016a60000,0x0000000016b60000)]

Stack: [0x0000000016a60000,0x0000000016b60000]
[error occurred during error reporting (printing stack bounds), id 0xc0000005]

Native frames: (J=compiled Java code, j=interpreted, Vv=VM code, C=native code)


Current CompileTask:
C2:  13798 2032   !   4       java.net.URL::<init> (543 bytes)


---------------  P R O C E S S  ---------------

Java Threads: ( => current thread )
  0x000000001882b000 JavaThread "Cache worker for cache directory md-rule (C:\Users\Kaushal.Kumar1\.gradle\caches\6.4.1\md-rule)" [_thread_blocked, id=5044, stack(0x000000001f010000,0x000000001f110000)]
  0x000000001882a800 JavaThread "Cache worker for cache directory md-supplier (C:\Users\Kaushal.Kumar1\.gradle\caches\6.4.1\md-supplier)" [_thread_blocked, id=21220, stack(0x000000001ef10000,0x000000001f010000)]
  0x0000000018829800 JavaThread "Cache worker for checksums cache (C:\Users\Kaushal.Kumar1\Desktop\APIGATEWAY\doctors-service\.gradle\checksums)" [_thread_blocked, id=38924, stack(0x000000001ee10000,0x000000001ef10000)]
  0x0000000018829000 JavaThread "Cache worker for file hash cache (C:\Users\Kaushal.Kumar1\Desktop\APIGATEWAY\doctors-service\.gradle\6.4.1\fileHashes)" [_thread_blocked, id=13296, stack(0x000000001ed10000,0x000000001ee10000)]
  0x0000000018828000 JavaThread "File watcher consumer" daemon [_thread_blocked, id=50888, stack(0x000000001ec10000,0x000000001ed10000)]
  0x000000001882c800 JavaThread "File lock release action executor" [_thread_blocked, id=26704, stack(0x000000001eb10000,0x000000001ec10000)]
  0x0000000018827800 JavaThread "Cache worker for file hash cache (C:\Users\Kaushal.Kumar1\.gradle\caches\6.4.1\fileHashes)" [_thread_blocked, id=22100, stack(0x000000001bf10000,0x000000001c010000)]
  0x0000000018826800 JavaThread "File lock request listener" [_thread_in_native, id=33484, stack(0x000000001be10000,0x000000001bf10000)]
  0x000000001882d800 JavaThread "Cache worker for journal cache (C:\Users\Kaushal.Kumar1\.gradle\caches\journal-1)" [_thread_blocked, id=92, stack(0x000000001ad40000,0x000000001ae40000)]
  0x0000000017828000 JavaThread "Thread-9" [_thread_blocked, id=32232, stack(0x0000000019a70000,0x0000000019b70000)]
  0x0000000017b75800 JavaThread "Stdin handler" [_thread_blocked, id=9524, stack(0x0000000019970000,0x0000000019a70000)]
  0x0000000017890000 JavaThread "Asynchronous log dispatcher for DefaultDaemonConnection: socket connection from /127.0.0.1:61186 to /127.0.0.1:61187" [_thread_blocked, id=29628, stack(0x0000000019870000,0x0000000019970000)]
  0x0000000017b7a000 JavaThread "Daemon worker" [_thread_blocked, id=4028, stack(0x0000000019770000,0x0000000019870000)]
  0x0000000017b78800 JavaThread "Cancel handler" [_thread_blocked, id=20216, stack(0x0000000019670000,0x0000000019770000)]
  0x0000000017b3f000 JavaThread "Handler for socket connection from /127.0.0.1:61186 to /127.0.0.1:61187" [_thread_in_native, id=44880, stack(0x0000000019270000,0x0000000019370000)]
  0x0000000017b3e800 JavaThread "Daemon" [_thread_blocked, id=51520, stack(0x0000000019170000,0x0000000019270000)]
  0x0000000017782800 JavaThread "Daemon periodic checks" [_thread_blocked, id=7816, stack(0x0000000019070000,0x0000000019170000)]
  0x0000000017b7c800 JavaThread "Incoming local TCP Connector on port 61186" [_thread_in_native, id=29220, stack(0x0000000018e30000,0x0000000018f30000)]
  0x000000001825f000 JavaThread "Daemon health stats" [_thread_blocked, id=8488, stack(0x0000000018b30000,0x0000000018c30000)]
  0x00000000161a4000 JavaThread "Service Thread" daemon [_thread_blocked, id=51124, stack(0x0000000016e60000,0x0000000016f60000)]
  0x0000000016196800 JavaThread "C1 CompilerThread3" daemon [_thread_blocked, id=10168, stack(0x0000000016d60000,0x0000000016e60000)]
  0x0000000016190000 JavaThread "C2 CompilerThread2" daemon [_thread_blocked, id=22436, stack(0x0000000016c60000,0x0000000016d60000)]
  0x000000001618f800 JavaThread "C2 CompilerThread1" daemon [_thread_blocked, id=30876, stack(0x0000000016b60000,0x0000000016c60000)]
=>0x000000001618d800 JavaThread "C2 CompilerThread0" daemon [_thread_in_native, id=14484, stack(0x0000000016a60000,0x0000000016b60000)]
  0x0000000016189800 JavaThread "Attach Listener" daemon [_thread_blocked, id=27268, stack(0x0000000016960000,0x0000000016a60000)]
  0x000000001438e800 JavaThread "Signal Dispatcher" daemon [_thread_blocked, id=36224, stack(0x0000000016860000,0x0000000016960000)]
  0x0000000002bb9800 JavaThread "Finalizer" daemon [_thread_blocked, id=5652, stack(0x0000000016660000,0x0000000016760000)]
  0x0000000002bb6000 JavaThread "Reference Handler" daemon [_thread_blocked, id=32572, stack(0x0000000016560000,0x0000000016660000)]
  0x0000000002ac2800 JavaThread "main" [_thread_blocked, id=34748, stack(0x0000000002940000,0x0000000002a40000)]

Other Threads:
  0x0000000014379800 VMThread [stack: 0x0000000016060000,0x0000000016160000] [id=17800]
  0x0000000016245800 WatcherThread [stack: 0x0000000017060000,0x0000000017160000] [id=42992]

VM state:not at safepoint (normal execution)

VM Mutex/Monitor currently owned by a thread: None

heap address: 0x00000000e0000000, size: 512 MB, Compressed Oops mode: 32-bit
Narrow klass base: 0x0000000000000000, Narrow klass shift: 3
Compressed class space size: 1073741824 Address: 0x0000000100000000

Heap:
 PSYoungGen      total 76288K, used 34259K [0x00000000f5580000, 0x00000000fea80000, 0x0000000100000000)
  eden space 65536K, 52% used [0x00000000f5580000,0x00000000f76f4e08,0x00000000f9580000)
  from space 10752K, 0% used [0x00000000fa000000,0x00000000fa000000,0x00000000faa80000)
  to   space 10752K, 0% used [0x00000000f9580000,0x00000000f9580000,0x00000000fa000000)
 ParOldGen       total 175104K, used 6864K [0x00000000e0000000, 0x00000000eab00000, 0x00000000f5580000)
  object space 175104K, 3% used [0x00000000e0000000,0x00000000e06b4278,0x00000000eab00000)
 Metaspace       used 22713K, capacity 23588K, committed 23808K, reserved 1069056K
  class space    used 3281K, capacity 3524K, committed 3584K, reserved 1048576K

Card table byte_map: [0x0000000011f80000,0x0000000012090000] byte_map_base: 0x0000000011880000

Marking Bits: (ParMarkBitMap*) 0x0000000062af5ce0
 Begin Bits: [0x0000000012890000, 0x0000000013090000)
 End Bits:   [0x0000000013090000, 0x0000000013890000)

Polling page: 0x0000000000d30000

CodeCache: size=245760Kb used=6406Kb max_used=6417Kb free=239353Kb
 bounds [0x0000000002bc0000, 0x0000000003210000, 0x0000000011bc0000]
 total_blobs=2288 nmethods=1860 adapters=340
 compilation: enabled

Compilation events (10 events):
Event: 13.722 Thread 0x0000000016196800 2031       1       org.objectweb.asm.MethodWriter::hasAsmInstructions (5 bytes)
Event: 13.722 Thread 0x0000000016196800 nmethod 2031 0x00000000031f6250 code [0x00000000031f63a0, 0x00000000031f64b0]
Event: 13.722 Thread 0x0000000016196800 2023       1       org.gradle.internal.instantiation.generator.AbstractClassGenerator$MethodMetadata::access$600 (5 bytes)
Event: 13.722 Thread 0x0000000016196800 nmethod 2023 0x00000000031f5f90 code [0x00000000031f60e0, 0x00000000031f61d0]
Event: 13.722 Thread 0x0000000016196800 2029       1       org.objectweb.asm.SymbolTable::getClassName (5 bytes)
Event: 13.722 Thread 0x0000000016196800 nmethod 2029 0x00000000031f5cd0 code [0x00000000031f5e20, 0x00000000031f5f30]
Event: 13.727 Thread 0x000000001618d800 2032   !   4       java.net.URL::<init> (543 bytes)
Event: 13.735 Thread 0x000000001618f800 nmethod 2030 0x0000000003207f90 code [0x0000000003208100, 0x0000000003208758]
Event: 13.781 Thread 0x0000000016196800 2033       3       com.google.common.cache.LocalCache::usesAccessQueue (20 bytes)
Event: 13.782 Thread 0x0000000016196800 nmethod 2033 0x00000000032079d0 code [0x0000000003207b40, 0x0000000003207ed0]

GC Heap History (10 events):
Event: 5.230 GC heap before
{Heap before GC invocations=1 (full 0):
 PSYoungGen      total 76288K, used 65536K [0x00000000f5580000, 0x00000000faa80000, 0x0000000100000000)
  eden space 65536K, 100% used [0x00000000f5580000,0x00000000f9580000,0x00000000f9580000)
  from space 10752K, 0% used [0x00000000fa000000,0x00000000fa000000,0x00000000faa80000)
  to   space 10752K, 0% used [0x00000000f9580000,0x00000000f9580000,0x00000000fa000000)
 ParOldGen       total 175104K, used 0K [0x00000000e0000000, 0x00000000eab00000, 0x00000000f5580000)
  object space 175104K, 0% used [0x00000000e0000000,0x00000000e0000000,0x00000000eab00000)
 Metaspace       used 8012K, capacity 8202K, committed 8320K, reserved 1056768K
  class space    used 999K, capacity 1073K, committed 1152K, reserved 1048576K
Event: 5.240 GC heap after
Heap after GC invocations=1 (full 0):
 PSYoungGen      total 76288K, used 6052K [0x00000000f5580000, 0x00000000faa80000, 0x0000000100000000)
  eden space 65536K, 0% used [0x00000000f5580000,0x00000000f5580000,0x00000000f9580000)
  from space 10752K, 56% used [0x00000000f9580000,0x00000000f9b69328,0x00000000fa000000)
  to   space 10752K, 0% used [0x00000000fa000000,0x00000000fa000000,0x00000000faa80000)
 ParOldGen       total 175104K, used 16K [0x00000000e0000000, 0x00000000eab00000, 0x00000000f5580000)
  object space 175104K, 0% used [0x00000000e0000000,0x00000000e0004000,0x00000000eab00000)
 Metaspace       used 8012K, capacity 8202K, committed 8320K, reserved 1056768K
  class space    used 999K, capacity 1073K, committed 1152K, reserved 1048576K
}
Event: 9.796 GC heap before
{Heap before GC invocations=2 (full 0):
 PSYoungGen      total 76288K, used 71588K [0x00000000f5580000, 0x00000000faa80000, 0x0000000100000000)
  eden space 65536K, 100% used [0x00000000f5580000,0x00000000f9580000,0x00000000f9580000)
  from space 10752K, 56% used [0x00000000f9580000,0x00000000f9b69328,0x00000000fa000000)
  to   space 10752K, 0% used [0x00000000fa000000,0x00000000fa000000,0x00000000faa80000)
 ParOldGen       total 175104K, used 16K [0x00000000e0000000, 0x00000000eab00000, 0x00000000f5580000)
  object space 175104K, 0% used [0x00000000e0000000,0x00000000e0004000,0x00000000eab00000)
 Metaspace       used 15055K, capacity 15402K, committed 15488K, reserved 1062912K
  class space    used 2037K, capacity 2161K, committed 2176K, reserved 1048576K
Event: 9.830 GC heap after
Heap after GC invocations=2 (full 0):
 PSYoungGen      total 76288K, used 9247K [0x00000000f5580000, 0x00000000faa80000, 0x0000000100000000)
  eden space 65536K, 0% used [0x00000000f5580000,0x00000000f5580000,0x00000000f9580000)
  from space 10752K, 86% used [0x00000000fa000000,0x00000000fa907ca8,0x00000000faa80000)
  to   space 10752K, 0% used [0x00000000f9580000,0x00000000f9580000,0x00000000fa000000)
 ParOldGen       total 175104K, used 24K [0x00000000e0000000, 0x00000000eab00000, 0x00000000f5580000)
  object space 175104K, 0% used [0x00000000e0000000,0x00000000e0006000,0x00000000eab00000)
 Metaspace       used 15055K, capacity 15402K, committed 15488K, reserved 1062912K
  class space    used 2037K, capacity 2161K, committed 2176K, reserved 1048576K
}
Event: 12.262 GC heap before
{Heap before GC invocations=3 (full 0):
 PSYoungGen      total 76288K, used 74783K [0x00000000f5580000, 0x00000000faa80000, 0x0000000100000000)
  eden space 65536K, 100% used [0x00000000f5580000,0x00000000f9580000,0x00000000f9580000)
  from space 10752K, 86% used [0x00000000fa000000,0x00000000fa907ca8,0x00000000faa80000)
  to   space 10752K, 0% used [0x00000000f9580000,0x00000000f9580000,0x00000000fa000000)
 ParOldGen       total 175104K, used 24K [0x00000000e0000000, 0x00000000eab00000, 0x00000000f5580000)
  object space 175104K, 0% used [0x00000000e0000000,0x00000000e0006000,0x00000000eab00000)
 Metaspace       used 20473K, capacity 21128K, committed 21296K, reserved 1067008K
  class space    used 2934K, capacity 3160K, committed 3200K, reserved 1048576K
Event: 12.279 GC heap after
Heap after GC invocations=3 (full 0):
 PSYoungGen      total 76288K, used 10727K [0x00000000f5580000, 0x00000000faa80000, 0x0000000100000000)
  eden space 65536K, 0% used [0x00000000f5580000,0x00000000f5580000,0x00000000f9580000)
  from space 10752K, 99% used [0x00000000f9580000,0x00000000f9ff9e08,0x00000000fa000000)
  to   space 10752K, 0% used [0x00000000fa000000,0x00000000fa000000,0x00000000faa80000)
 ParOldGen       total 175104K, used 1093K [0x00000000e0000000, 0x00000000eab00000, 0x00000000f5580000)
  object space 175104K, 0% used [0x00000000e0000000,0x00000000e01117c0,0x00000000eab00000)
 Metaspace       used 20473K, capacity 21128K, committed 21296K, reserved 1067008K
  class space    used 2934K, capacity 3160K, committed 3200K, reserved 1048576K
}
Event: 12.318 GC heap before
{Heap before GC invocations=4 (full 0):
 PSYoungGen      total 76288K, used 11882K [0x00000000f5580000, 0x00000000faa80000, 0x0000000100000000)
  eden space 65536K, 1% used [0x00000000f5580000,0x00000000f56a0a68,0x00000000f9580000)
  from space 10752K, 99% used [0x00000000f9580000,0x00000000f9ff9e08,0x00000000fa000000)
  to   space 10752K, 0% used [0x00000000fa000000,0x00000000fa000000,0x00000000faa80000)
 ParOldGen       total 175104K, used 1093K [0x00000000e0000000, 0x00000000eab00000, 0x00000000f5580000)
  object space 175104K, 0% used [0x00000000e0000000,0x00000000e01117c0,0x00000000eab00000)
 Metaspace       used 20533K, capacity 21210K, committed 21296K, reserved 1067008K
  class space    used 2943K, capacity 3163K, committed 3200K, reserved 1048576K
Event: 12.563 GC heap after
Heap after GC invocations=4 (full 0):
 PSYoungGen      total 76288K, used 6980K [0x00000000f5580000, 0x00000000fea80000, 0x0000000100000000)
  eden space 65536K, 0% used [0x00000000f5580000,0x00000000f5580000,0x00000000f9580000)
  from space 10752K, 64% used [0x00000000fa000000,0x00000000fa6d1050,0x00000000faa80000)
  to   space 10752K, 0% used [0x00000000f9580000,0x00000000f9580000,0x00000000fa000000)
 ParOldGen       total 175104K, used 1101K [0x00000000e0000000, 0x00000000eab00000, 0x00000000f5580000)
  object space 175104K, 0% used [0x00000000e0000000,0x00000000e01137c0,0x00000000eab00000)
 Metaspace       used 20533K, capacity 21210K, committed 21296K, reserved 1067008K
  class space    used 2943K, capacity 3163K, committed 3200K, reserved 1048576K
}
Event: 12.563 GC heap before
{Heap before GC invocations=5 (full 1):
 PSYoungGen      total 76288K, used 6980K [0x00000000f5580000, 0x00000000fea80000, 0x0000000100000000)
  eden space 65536K, 0% used [0x00000000f5580000,0x00000000f5580000,0x00000000f9580000)
  from space 10752K, 64% used [0x00000000fa000000,0x00000000fa6d1050,0x00000000faa80000)
  to   space 10752K, 0% used [0x00000000f9580000,0x00000000f9580000,0x00000000fa000000)
 ParOldGen       total 175104K, used 1101K [0x00000000e0000000, 0x00000000eab00000, 0x00000000f5580000)
  object space 175104K, 0% used [0x00000000e0000000,0x00000000e01137c0,0x00000000eab00000)
 Metaspace       used 20533K, capacity 21210K, committed 21296K, reserved 1067008K
  class space    used 2943K, capacity 3163K, committed 3200K, reserved 1048576K
Event: 12.658 GC heap after
Heap after GC invocations=5 (full 1):
 PSYoungGen      total 76288K, used 0K [0x00000000f5580000, 0x00000000fea80000, 0x0000000100000000)
  eden space 65536K, 0% used [0x00000000f5580000,0x00000000f5580000,0x00000000f9580000)
  from space 10752K, 0% used [0x00000000fa000000,0x00000000fa000000,0x00000000faa80000)
  to   space 10752K, 0% used [0x00000000f9580000,0x00000000f9580000,0x00000000fa000000)
 ParOldGen       total 175104K, used 6864K [0x00000000e0000000, 0x00000000eab00000, 0x00000000f5580000)
  object space 175104K, 3% used [0x00000000e0000000,0x00000000e06b4278,0x00000000eab00000)
 Metaspace       used 20533K, capacity 21210K, committed 21296K, reserved 1067008K
  class space    used 2943K, capacity 3163K, committed 3200K, reserved 1048576K
}

Deoptimization events (10 events):
Event: 12.687 Thread 0x0000000017b7a000 Uncommon trap: reason=null_assert action=make_not_entrant pc=0x0000000002eb8f84 method=java.util.zip.ZipEntry.<init>(Ljava/util/zip/ZipEntry;)V @ 70
Event: 13.134 Thread 0x0000000017b7a000 Uncommon trap: reason=unstable_if action=reinterpret pc=0x00000000030879b0 method=java.util.HashMap.hash(Ljava/lang/Object;)I @ 1
Event: 13.536 Thread 0x0000000017b7a000 Uncommon trap: reason=unstable_if action=reinterpret pc=0x0000000003161e4c method=java.io.BufferedInputStream.read([BII)I @ 31
Event: 13.537 Thread 0x0000000017b7a000 Uncommon trap: reason=class_check action=maybe_recompile pc=0x0000000002efae4c method=java.util.regex.Matcher.getTextLength()I @ 4
Event: 13.537 Thread 0x0000000017b7a000 Uncommon trap: reason=class_check action=maybe_recompile pc=0x00000000031b0458 method=java.util.regex.Pattern$BmpCharProperty.match(Ljava/util/regex/Matcher;ILjava/lang/CharSequence;)Z @ 11
Event: 13.537 Thread 0x0000000017b7a000 Uncommon trap: reason=class_check action=maybe_recompile pc=0x00000000031b0458 method=java.util.regex.Pattern$BmpCharProperty.match(Ljava/util/regex/Matcher;ILjava/lang/CharSequence;)Z @ 11
Event: 13.537 Thread 0x0000000017b7a000 Uncommon trap: reason=class_check action=maybe_recompile pc=0x00000000031b0458 method=java.util.regex.Pattern$BmpCharProperty.match(Ljava/util/regex/Matcher;ILjava/lang/CharSequence;)Z @ 11
Event: 13.537 Thread 0x0000000017b7a000 Uncommon trap: reason=class_check action=maybe_recompile pc=0x00000000031b0458 method=java.util.regex.Pattern$BmpCharProperty.match(Ljava/util/regex/Matcher;ILjava/lang/CharSequence;)Z @ 11
Event: 13.613 Thread 0x0000000017b7a000 Uncommon trap: reason=unstable_if action=reinterpret pc=0x0000000002ed8e8c method=java.io.WinNTFileSystem.resolve(Ljava/lang/String;Ljava/lang/String;)Ljava/lang/String; @ 49
Event: 13.709 Thread 0x0000000017b7a000 Uncommon trap: reason=unstable_if action=reinterpret pc=0x0000000002ee68b0 method=java.util.LinkedHashMap.afterNodeInsertion(Z)V @ 1

Classes redefined (0 events):
No events

Internal exceptions (10 events):
Event: 12.919 Thread 0x0000000017b7a000 Exception <a 'java/lang/NoSuchMethodError': <clinit>> (0x00000000f58f93d0) thrown at [C:\re\workspace\8-2-build-windows-amd64-cygwin\jdk8u221\13320\hotspot\src\share\vm\prims\jni.cpp, line 1614]
Event: 12.920 Thread 0x0000000017b7a000 Exception <a 'java/lang/NoSuchMethodError': <clinit>> (0x00000000f58fd570) thrown at [C:\re\workspace\8-2-build-windows-amd64-cygwin\jdk8u221\13320\hotspot\src\share\vm\prims\jni.cpp, line 1614]
Event: 12.920 Thread 0x0000000017b7a000 Exception <a 'java/lang/NoSuchMethodError': <clinit>> (0x00000000f58fef08) thrown at [C:\re\workspace\8-2-build-windows-amd64-cygwin\jdk8u221\13320\hotspot\src\share\vm\prims\jni.cpp, line 1614]
Event: 12.920 Thread 0x0000000017b7a000 Exception <a 'java/lang/NoSuchMethodError': <clinit>> (0x00000000f59005f0) thrown at [C:\re\workspace\8-2-build-windows-amd64-cygwin\jdk8u221\13320\hotspot\src\share\vm\prims\jni.cpp, line 1614]
Event: 12.920 Thread 0x0000000017b7a000 Exception <a 'java/lang/NoSuchMethodError': <clinit>> (0x00000000f5901f28) thrown at [C:\re\workspace\8-2-build-windows-amd64-cygwin\jdk8u221\13320\hotspot\src\share\vm\prims\jni.cpp, line 1614]
Event: 12.920 Thread 0x0000000017b7a000 Exception <a 'java/lang/NoSuchMethodError': <clinit>> (0x00000000f5903528) thrown at [C:\re\workspace\8-2-build-windows-amd64-cygwin\jdk8u221\13320\hotspot\src\share\vm\prims\jni.cpp, line 1614]
Event: 12.920 Thread 0x0000000017b7a000 Exception <a 'java/lang/NoSuchMethodError': <clinit>> (0x00000000f59049c8) thrown at [C:\re\workspace\8-2-build-windows-amd64-cygwin\jdk8u221\13320\hotspot\src\share\vm\prims\jni.cpp, line 1614]
Event: 13.134 Thread 0x0000000017b7a000 Implicit null exception at 0x0000000003087795 to 0x00000000030879a1
Event: 13.283 Thread 0x0000000017b7a000 Exception <a 'java/lang/NoSuchMethodError': java.lang.Object.lambda$withReadOnlyCache$0(Ljava/util/function/BiFunction;Lorg/gradle/api/internal/artifacts/ivyservice/ArtifactCacheMetadata;)Ljava/lang/Object;> (0x00000000f6766518) thrown at [C:\re\workspace
Event: 13.394 Thread 0x0000000017b7a000 Exception <a 'java/lang/NoSuchMethodError': java.lang.Object.lambda$static$0(Lorg/gradle/api/internal/artifacts/ivyservice/ivyresolve/ModuleComponentRepository;Ljava/lang/String;Lorg/gradle/api/internal/artifacts/configurations/ResolutionStrategyInternal;

Events (10 events):
Event: 13.774 loading class org/gradle/util/BuildCommencedTimeProvider done
Event: 13.774 loading class org/gradle/util/BuildCommencedTimeProvider
Event: 13.774 loading class org/gradle/util/BuildCommencedTimeProvider done
Event: 13.775 loading class org/gradle/internal/component/external/model/ModuleComponentResolveMetadata
Event: 13.775 loading class org/gradle/internal/component/external/model/ModuleComponentResolveMetadata done
Event: 13.775 loading class org/gradle/internal/component/external/model/ModuleComponentResolveMetadata
Event: 13.775 loading class org/gradle/internal/component/external/model/ModuleComponentResolveMetadata done
Event: 13.775 loading class org/gradle/api/Transformer
Event: 13.775 loading class org/gradle/api/Transformer done
Event: 13.781 Thread 0x000000001882b000 Thread added: 0x000000001882b000


Dynamic libraries:
0x00007ff6eda60000 - 0x00007ff6eda97000 	C:\Program Files\Java\jdk1.8.0_221\bin\java.exe
0x00007ffa89be0000 - 0x00007ffa89dcd000 	C:\WINDOWS\SYSTEM32\ntdll.dll
0x00007ffa639b0000 - 0x00007ffa63a21000 	C:\WINDOWS\System32\verifier.dll
0x00007ffa442b0000 - 0x00007ffa443a4000 	C:\WINDOWS\SYSTEM32\PayloadRestrictions.dll
0x00007ffa86680000 - 0x00007ffa8677a000 	C:\WINDOWS\System32\ucrtbase.dll
0x00007ffa86a60000 - 0x00007ffa86cf5000 	C:\WINDOWS\System32\kernelbase.dll
0x00007ffa89af0000 - 0x00007ffa89ba3000 	C:\WINDOWS\System32\kernel32.dll
0x0000000066220000 - 0x00000000662b3000 	C:\WINDOWS\System32\SYSFER.DLL
0x00007ffa89870000 - 0x00007ffa89913000 	C:\WINDOWS\System32\ADVAPI32.dll
0x00007ffa878e0000 - 0x00007ffa8797e000 	C:\WINDOWS\System32\msvcrt.dll
0x00007ffa892c0000 - 0x00007ffa8935e000 	C:\WINDOWS\System32\sechost.dll
0x00007ffa87400000 - 0x00007ffa87522000 	C:\WINDOWS\System32\RPCRT4.dll
0x00007ffa89950000 - 0x00007ffa89ae7000 	C:\WINDOWS\System32\USER32.dll
0x00007ffa85f10000 - 0x00007ffa85f30000 	C:\WINDOWS\System32\win32u.dll
0x00007ffa87980000 - 0x00007ffa879a9000 	C:\WINDOWS\System32\GDI32.dll
0x00007ffa85d50000 - 0x00007ffa85eea000 	C:\WINDOWS\System32\gdi32full.dll
0x00007ffa86d60000 - 0x00007ffa86e00000 	C:\WINDOWS\System32\msvcp_win.dll
0x00007ffa6fbf0000 - 0x00007ffa6fe69000 	C:\WINDOWS\WinSxS\amd64_microsoft.windows.common-controls_6595b64144ccf1df_6.0.17763.1282_none_de75b6f253473c0f\COMCTL32.dll
0x00007ffa870d0000 - 0x00007ffa873fc000 	C:\WINDOWS\System32\combase.dll
0x00007ffa85ca0000 - 0x00007ffa85d1e000 	C:\WINDOWS\System32\bcryptPrimitives.dll
0x00007ffa89920000 - 0x00007ffa8994e000 	C:\WINDOWS\System32\IMM32.DLL
0x00007ffa848d0000 - 0x00007ffa849f1000 	C:\Program Files\Avecto\Privilege Guard Client\PGHook.dll
0x00007ffa87c00000 - 0x00007ffa890f8000 	C:\WINDOWS\System32\shell32.dll
0x00007ffa86830000 - 0x00007ffa8687a000 	C:\WINDOWS\System32\cfgmgr32.dll
0x00007ffa879b0000 - 0x00007ffa87a58000 	C:\WINDOWS\System32\shcore.dll
0x00007ffa85f30000 - 0x00007ffa8667f000 	C:\WINDOWS\System32\windows.storage.dll
0x00007ffa85c70000 - 0x00007ffa85c94000 	C:\WINDOWS\System32\profapi.dll
0x00007ffa85c10000 - 0x00007ffa85c6d000 	C:\WINDOWS\System32\powrprof.dll
0x00007ffa89200000 - 0x00007ffa89252000 	C:\WINDOWS\System32\shlwapi.dll
0x00007ffa85bd0000 - 0x00007ffa85be1000 	C:\WINDOWS\System32\kernel.appcore.dll
0x00007ffa85ef0000 - 0x00007ffa85f07000 	C:\WINDOWS\System32\cryptsp.dll
0x00007ffa84d10000 - 0x00007ffa84d43000 	C:\WINDOWS\system32\rsaenh.dll
0x00007ffa85d20000 - 0x00007ffa85d46000 	C:\WINDOWS\System32\bcrypt.dll
0x00007ffa85560000 - 0x00007ffa8556c000 	C:\WINDOWS\SYSTEM32\CRYPTBASE.dll
0x00000000644c0000 - 0x0000000064592000 	C:\Program Files\Java\jdk1.8.0_221\jre\bin\msvcr100.dll
0x00000000622d0000 - 0x0000000062b75000 	C:\Program Files\Java\jdk1.8.0_221\jre\bin\server\jvm.dll
0x00007ffa897e0000 - 0x00007ffa897e8000 	C:\WINDOWS\System32\PSAPI.DLL
0x00007ffa72410000 - 0x00007ffa72419000 	C:\WINDOWS\SYSTEM32\WSOCK32.dll
0x00007ffa87a60000 - 0x00007ffa87acd000 	C:\WINDOWS\System32\WS2_32.dll
0x00007ffa7bc80000 - 0x00007ffa7bca4000 	C:\WINDOWS\SYSTEM32\WINMM.dll
0x00007ffa72400000 - 0x00007ffa7240a000 	C:\WINDOWS\SYSTEM32\VERSION.dll
0x00007ffa7bc50000 - 0x00007ffa7bc7d000 	C:\WINDOWS\SYSTEM32\WINMMBASE.dll
0x00007ffa750f0000 - 0x00007ffa750ff000 	C:\Program Files\Java\jdk1.8.0_221\jre\bin\verify.dll
0x00007ffa6f940000 - 0x00007ffa6f969000 	C:\Program Files\Java\jdk1.8.0_221\jre\bin\java.dll
0x00007ffa6f8f0000 - 0x00007ffa6f906000 	C:\Program Files\Java\jdk1.8.0_221\jre\bin\zip.dll
0x00007ffa6d080000 - 0x00007ffa6d09a000 	C:\Program Files\Java\jdk1.8.0_221\jre\bin\net.dll
0x00007ffa72040000 - 0x00007ffa72217000 	C:\WINDOWS\SYSTEM32\urlmon.dll
0x00007ffa72820000 - 0x00007ffa72ac8000 	C:\WINDOWS\SYSTEM32\iertutil.dll
0x00007ffa853e0000 - 0x00007ffa85447000 	C:\WINDOWS\system32\mswsock.dll
0x00007ffa6eca0000 - 0x00007ffa6ecb6000 	C:\WINDOWS\system32\napinsp.dll
0x00007ffa6ec80000 - 0x00007ffa6ec9a000 	C:\WINDOWS\system32\pnrpnsp.dll
0x00007ffa85160000 - 0x00007ffa85227000 	C:\WINDOWS\SYSTEM32\DNSAPI.dll
0x00007ffa891f0000 - 0x00007ffa891f8000 	C:\WINDOWS\System32\NSI.dll
0x00007ffa85110000 - 0x00007ffa8514d000 	C:\WINDOWS\SYSTEM32\IPHLPAPI.DLL
0x00007ffa6f030000 - 0x00007ffa6f03e000 	C:\WINDOWS\System32\winrnr.dll
0x00007ffa7ea30000 - 0x00007ffa7ea4b000 	C:\WINDOWS\system32\NLAapi.dll
0x00007ffa77620000 - 0x00007ffa77635000 	C:\WINDOWS\system32\wshbth.dll
0x00007ffa70080000 - 0x00007ffa7008a000 	C:\Windows\System32\rasadhlp.dll
0x00007ffa7b3a0000 - 0x00007ffa7b419000 	C:\WINDOWS\System32\fwpuclnt.dll
0x00007ffa741d0000 - 0x00007ffa741dd000 	C:\Program Files\Java\jdk1.8.0_221\jre\bin\management.dll
0x00007ffa638d0000 - 0x00007ffa638e2000 	C:\Program Files\Java\jdk1.8.0_221\jre\bin\nio.dll
0x00007ffa727f0000 - 0x00007ffa72817000 	C:\Users\Kaushal.Kumar1\.gradle\native\481b90ef2c2b5ab96622bab5346fdaaafe5c91895d4d4de1c4fe4b2e89a8011f\windows-amd64\native-platform.dll
0x00007ffa85b00000 - 0x00007ffa85b28000 	C:\WINDOWS\SYSTEM32\USERENV.dll
0x00007ffa776a0000 - 0x00007ffa776b6000 	C:\WINDOWS\SYSTEM32\dhcpcsvc6.DLL
0x00007ffa77ec0000 - 0x00007ffa77edc000 	C:\WINDOWS\SYSTEM32\dhcpcsvc.DLL
0x00007ffa7c220000 - 0x00007ffa7c22b000 	C:\WINDOWS\SYSTEM32\WINNSI.DLL

VM Arguments:
jvm_args: -XX:MaxMetaspaceSize=256m -XX:+HeapDumpOnOutOfMemoryError -Xms256m -Xmx512m -Dfile.encoding=windows-1252 -Duser.country=IN -Duser.language=en -Duser.variant 
java_command: org.gradle.launcher.daemon.bootstrap.GradleDaemon 6.4.1
java_class_path (initial): C:\Users\Kaushal.Kumar1\.gradle\wrapper\dists\gradle-6.4.1-bin\33549z180oh3o1s64iwo25l48\gradle-6.4.1\lib\gradle-launcher-6.4.1.jar
Launcher Type: SUN_STANDARD

Environment Variables:
JAVA_HOME=C:\Program Files\Java\jdk1.8.0_221
PATH=C:\WINDOWS\system32;C:\WINDOWS;C:\WINDOWS\System32\Wbem;C:\WINDOWS\System32\WindowsPowerShell\v1.0\;C:\WINDOWS\System32\OpenSSH\;C:\TA\apache-ant-1.8.2\apache-ant-1.8.2\bin;C:\Program Files\Microsoft SQL Server\Client SDK\ODBC\130\Tools\Binn\;C:\Program Files (x86)\Microsoft SQL Server\140\Tools\Binn\;C:\Program Files\Microsoft SQL Server\140\Tools\Binn\;C:\Program Files\Microsoft SQL Server\140\DTS\Binn\;C:\Program Files\Microsoft SQL Server\Client SDK\ODBC\110\Tools\Binn\;C:\Program Files (x86)\Microsoft SQL Server\120\Tools\Binn\;C:\Program Files\Microsoft SQL Server\120\Tools\Binn\;C:\Program Files\Microsoft SQL Server\120\DTS\Binn\;C:\Program Files (x86)\Microsoft SQL Server\120\Tools\Binn\ManagementStudio\;C:\Program Files (x86)\Microsoft SQL Server\120\DTS\Binn\;C:\Program Files\TortoiseSVN\bin;C:\Program Files\Java\jdk1.8.0_221\bin;%M2%;C:\Program Files\MySQL\MySQL Server 8.0\bin;C:\Program Files (x86)\Common Files\Hitachi ID\;C:\Program Files\Common Files\Hitachi ID\;C:\Program Files\TortoiseGit\bin;C:\Program Files\SourceGear\Common\DiffMerge\;C:\Program Files (x86)\Riverbed\Steelhead Mobile\;C:\Program Files\1E\Client\Extensibility\NomadBranch;C:\Program Files\MySQL\MySQL Shell 8.0\bin\;C:\Users\Kaushal.Kumar1\AppData\Local\Microsoft\WindowsApps;C:\Program Files\Java\jdk1.8.0_221\bin;C:\kaushal\new_workspace10032020\apache-maven-3.6.3-bin\apache-maven-3.6.3\bin;C:\kaushal\new_workspace10032020\Git\cmd
USERNAME=Kaushal.Kumar1
OS=Windows_NT
PROCESSOR_IDENTIFIER=Intel64 Family 6 Model 142 Stepping 10, GenuineIntel



---------------  S Y S T E M  ---------------

OS: Windows 10.0 , 64 bit Build 17763 (10.0.17763.1158)

CPU:total 8 (initial active 8) (4 cores per cpu, 2 threads per core) family 6 model 142 stepping 10, cmov, cx8, fxsr, mmx, sse, sse2, sse3, ssse3, sse4.1, sse4.2, popcnt, avx, avx2, aes, clmul, erms, rtm, 3dnowpref, lzcnt, ht, tsc, tscinvbit, bmi1, bmi2, adx

Memory: 4k page, physical 8228040k(270648k free), swap 33393864k(2548k free)

vm_info: Java HotSpot(TM) 64-Bit Server VM (25.221-b11) for windows-amd64 JRE (1.8.0_221-b11), built on Jul  4 2019 04:39:29 by "java_re" with MS VC++ 10.0 (VS2010)

time: Fri Jul 31 13:40:35 2020
timezone: India Standard Time
elapsed time: 13 seconds (0d 0h 0m 13s)

