#
# There is insufficient memory for the Java Runtime Environment to continue.
# Native memory allocation (malloc) failed to allocate 96176 bytes for Chunk::new
# Possible reasons:
#   The system is out of physical RAM or swap space
#   The process is running with CompressedOops enabled, and the Java Heap may be blocking the growth of the native heap
# Possible solutions:
#   Reduce memory load on the system
#   Increase physical memory or swap space
#   Check if swap backing store is full
#   Decrease Java heap size (-Xmx/-Xms)
#   Decrease number of Java threads
#   Decrease Java thread stack sizes (-Xss)
#   Set larger code cache with -XX:ReservedCodeCacheSize=
#   JVM is running with Unscaled Compressed Oops mode in which the Java heap is
#     placed in the first 4GB address space. The Java Heap base address is the
#     maximum limit for the native heap growth. Please use -XX:HeapBaseMinAddress
#     to set the Java Heap base and to place the Java Heap above 4GB virtual address.
# This output file may be truncated or incomplete.
#
#  Out of Memory Error (allocation.cpp:389), pid=24728, tid=0x00000000000097e0
#
# JRE version: Java(TM) SE Runtime Environment (8.0_221-b11) (build 1.8.0_221-b11)
# Java VM: Java HotSpot(TM) 64-Bit Server VM (25.221-b11 mixed mode windows-amd64 compressed oops)
# Failed to write core dump. Minidumps are not enabled by default on client versions of Windows
#

---------------  T H R E A D  ---------------

Current thread (0x0000000016945800):  JavaThread "C2 CompilerThread2" daemon [_thread_in_native, id=38880, stack(0x0000000017410000,0x0000000017510000)]

Stack: [0x0000000017410000,0x0000000017510000]
[error occurred during error reporting (printing stack bounds), id 0xc0000005]

Native frames: (J=compiled Java code, j=interpreted, Vv=VM code, C=native code)


Current CompileTask:
C2:  16874 2263 %     4       java.util.Properties::loadConvert @ 39 (505 bytes)


---------------  P R O C E S S  ---------------

Java Threads: ( => current thread )
  0x0000000018e86000 JavaThread "Cache worker for execution history cache (C:\Users\Kaushal.Kumar1\.gradle\caches\6.4.1\executionHistory)" [_thread_blocked, id=9512, stack(0x000000001e640000,0x000000001e740000)]
  0x0000000018e89000 JavaThread "Cache worker for cache directory md-rule (C:\Users\Kaushal.Kumar1\.gradle\caches\6.4.1\md-rule)" [_thread_blocked, id=24616, stack(0x000000001e340000,0x000000001e440000)]
  0x0000000018e84800 JavaThread "Cache worker for cache directory md-supplier (C:\Users\Kaushal.Kumar1\.gradle\caches\6.4.1\md-supplier)" [_thread_blocked, id=26676, stack(0x000000001e240000,0x000000001e340000)]
  0x0000000018e85000 JavaThread "Cache worker for checksums cache (C:\Users\Kaushal.Kumar1\Desktop\APIGATEWAY\apigateway\.gradle\checksums)" [_thread_blocked, id=16056, stack(0x000000001e140000,0x000000001e240000)]
  0x0000000018e88000 JavaThread "Cache worker for file hash cache (C:\Users\Kaushal.Kumar1\Desktop\APIGATEWAY\apigateway\.gradle\6.4.1\fileHashes)" [_thread_blocked, id=52092, stack(0x000000001de40000,0x000000001df40000)]
  0x0000000018e87800 JavaThread "File lock release action executor" [_thread_blocked, id=16152, stack(0x000000001dd40000,0x000000001de40000)]
  0x0000000018e83800 JavaThread "File watcher consumer" daemon [_thread_blocked, id=31452, stack(0x000000001c7c0000,0x000000001c8c0000)]
  0x0000000018e86800 JavaThread "Cache worker for file hash cache (C:\Users\Kaushal.Kumar1\.gradle\caches\6.4.1\fileHashes)" [_thread_blocked, id=46608, stack(0x000000001b6f0000,0x000000001b7f0000)]
  0x0000000018e83000 JavaThread "File lock request listener" [_thread_in_native, id=5704, stack(0x000000001b5f0000,0x000000001b6f0000)]
  0x0000000018e89800 JavaThread "Cache worker for journal cache (C:\Users\Kaushal.Kumar1\.gradle\caches\journal-1)" [_thread_blocked, id=38200, stack(0x000000001b4f0000,0x000000001b5f0000)]
  0x0000000018c61000 JavaThread "Thread-9" [_thread_blocked, id=10088, stack(0x000000001a220000,0x000000001a320000)]
  0x0000000018c5c000 JavaThread "Stdin handler" [_thread_blocked, id=34896, stack(0x000000001a120000,0x000000001a220000)]
  0x0000000018d79000 JavaThread "Asynchronous log dispatcher for DefaultDaemonConnection: socket connection from /127.0.0.1:61180 to /127.0.0.1:61181" [_thread_blocked, id=45816, stack(0x0000000019f20000,0x000000001a020000)]
  0x0000000018d77800 JavaThread "Daemon worker" [_thread_in_vm, id=34104, stack(0x0000000019e20000,0x0000000019f20000)]
  0x0000000018df8000 JavaThread "Cancel handler" [_thread_blocked, id=2652, stack(0x0000000019d20000,0x0000000019e20000)]
  0x0000000018476000 JavaThread "Handler for socket connection from /127.0.0.1:61180 to /127.0.0.1:61181" [_thread_in_native, id=320, stack(0x0000000019a20000,0x0000000019b20000)]
  0x00000000184eb800 JavaThread "Daemon" [_thread_blocked, id=48816, stack(0x0000000019920000,0x0000000019a20000)]
  0x00000000184e4800 JavaThread "Daemon periodic checks" [_thread_blocked, id=40284, stack(0x0000000019820000,0x0000000019920000)]
  0x0000000017f7a800 JavaThread "Incoming local TCP Connector on port 61180" [_thread_in_native, id=8656, stack(0x00000000195e0000,0x00000000196e0000)]
  0x0000000018b8d000 JavaThread "Daemon health stats" [_thread_blocked, id=840, stack(0x00000000192e0000,0x00000000193e0000)]
  0x00000000169da000 JavaThread "Service Thread" daemon [_thread_blocked, id=52076, stack(0x0000000017610000,0x0000000017710000)]
  0x000000001694d000 JavaThread "C1 CompilerThread3" daemon [_thread_blocked, id=20824, stack(0x0000000017510000,0x0000000017610000)]
=>0x0000000016945800 JavaThread "C2 CompilerThread2" daemon [_thread_in_native, id=38880, stack(0x0000000017410000,0x0000000017510000)]
  0x0000000016945000 JavaThread "C2 CompilerThread1" daemon [_thread_in_native, id=44300, stack(0x0000000017310000,0x0000000017410000)]
  0x000000001693d800 JavaThread "C2 CompilerThread0" daemon [_thread_blocked, id=30892, stack(0x0000000017210000,0x0000000017310000)]
  0x0000000016939800 JavaThread "Attach Listener" daemon [_thread_blocked, id=1224, stack(0x0000000017110000,0x0000000017210000)]
  0x0000000016938800 JavaThread "Signal Dispatcher" daemon [_thread_blocked, id=30668, stack(0x0000000017010000,0x0000000017110000)]
  0x00000000032c9000 JavaThread "Finalizer" daemon [_thread_blocked, id=33652, stack(0x0000000016e10000,0x0000000016f10000)]
  0x00000000032c6000 JavaThread "Reference Handler" daemon [_thread_blocked, id=18580, stack(0x0000000016d10000,0x0000000016e10000)]
  0x00000000031d2800 JavaThread "main" [_thread_blocked, id=14160, stack(0x00000000030d0000,0x00000000031d0000)]

Other Threads:
  0x0000000014b39800 VMThread [stack: 0x0000000016810000,0x0000000016910000] [id=20652]
  0x00000000169a5800 WatcherThread [stack: 0x0000000017810000,0x0000000017910000] [id=47944]

VM state:synchronizing (normal execution)

VM Mutex/Monitor currently owned by a thread:  ([mutex/lock_event])
[0x00000000014edf70] Threads_lock - owner thread: 0x0000000014b39800

heap address: 0x00000000e0000000, size: 512 MB, Compressed Oops mode: 32-bit
Narrow klass base: 0x0000000000000000, Narrow klass shift: 3
Compressed class space size: 1073741824 Address: 0x0000000100000000

Heap:
 PSYoungGen      total 76288K, used 62737K [0x00000000f5580000, 0x00000000fea80000, 0x0000000100000000)
  eden space 65536K, 95% used [0x00000000f5580000,0x00000000f92c4618,0x00000000f9580000)
  from space 10752K, 0% used [0x00000000fa000000,0x00000000fa000000,0x00000000faa80000)
  to   space 10752K, 0% used [0x00000000f9580000,0x00000000f9580000,0x00000000fa000000)
 ParOldGen       total 175104K, used 7055K [0x00000000e0000000, 0x00000000eab00000, 0x00000000f5580000)
  object space 175104K, 4% used [0x00000000e0000000,0x00000000e06e3ff0,0x00000000eab00000)
 Metaspace       used 26281K, capacity 27130K, committed 27392K, reserved 1073152K
  class space    used 3766K, capacity 3998K, committed 4096K, reserved 1048576K

Card table byte_map: [0x0000000012690000,0x00000000127a0000] byte_map_base: 0x0000000011f90000

Marking Bits: (ParMarkBitMap*) 0x0000000062af5ce0
 Begin Bits: [0x0000000013050000, 0x0000000013850000)
 End Bits:   [0x0000000013850000, 0x0000000014050000)

Polling page: 0x0000000001480000

CodeCache: size=245760Kb used=6931Kb max_used=6931Kb free=238828Kb
 bounds [0x00000000032d0000, 0x00000000039a0000, 0x00000000122d0000]
 total_blobs=2505 nmethods=2069 adapters=348
 compilation: enabled

Compilation events (10 events):
Event: 16.812 Thread 0x000000001694d000 nmethod 2257 0x000000000398b010 code [0x000000000398b180, 0x000000000398b390]
Event: 16.814 Thread 0x000000001694d000 2261       3       org.codehaus.groovy.reflection.CachedMethod::compareToCachedMethod (160 bytes)
Event: 16.816 Thread 0x000000001694d000 nmethod 2261 0x0000000003995e50 code [0x0000000003996140, 0x0000000003997c88]
Event: 16.816 Thread 0x000000001694d000 2260       3       org.codehaus.groovy.reflection.CachedMethod::compareTo (25 bytes)
Event: 16.816 Thread 0x000000001694d000 nmethod 2260 0x0000000003998910 code [0x0000000003998aa0, 0x0000000003998f58]
Event: 16.837 Thread 0x000000001694d000 2262       3       org.codehaus.groovy.reflection.CachedClass::getCachedSuperClass (11 bytes)
Event: 16.837 Thread 0x000000001694d000 nmethod 2262 0x0000000003999050 code [0x00000000039991c0, 0x00000000039994c8]
Event: 16.855 Thread 0x0000000016945800 2263 %     4       java.util.Properties::loadConvert @ 39 (505 bytes)
Event: 16.862 Thread 0x000000001694d000 2264       3       java.util.zip.ZStreamRef::clear (6 bytes)
Event: 16.862 Thread 0x000000001694d000 nmethod 2264 0x000000000398acd0 code [0x000000000398ae20, 0x000000000398af90]

GC Heap History (10 events):
Event: 6.447 GC heap before
{Heap before GC invocations=1 (full 0):
 PSYoungGen      total 76288K, used 65536K [0x00000000f5580000, 0x00000000faa80000, 0x0000000100000000)
  eden space 65536K, 100% used [0x00000000f5580000,0x00000000f9580000,0x00000000f9580000)
  from space 10752K, 0% used [0x00000000fa000000,0x00000000fa000000,0x00000000faa80000)
  to   space 10752K, 0% used [0x00000000f9580000,0x00000000f9580000,0x00000000fa000000)
 ParOldGen       total 175104K, used 0K [0x00000000e0000000, 0x00000000eab00000, 0x00000000f5580000)
  object space 175104K, 0% used [0x00000000e0000000,0x00000000e0000000,0x00000000eab00000)
 Metaspace       used 8015K, capacity 8202K, committed 8320K, reserved 1056768K
  class space    used 998K, capacity 1073K, committed 1152K, reserved 1048576K
Event: 6.461 GC heap after
Heap after GC invocations=1 (full 0):
 PSYoungGen      total 76288K, used 6028K [0x00000000f5580000, 0x00000000faa80000, 0x0000000100000000)
  eden space 65536K, 0% used [0x00000000f5580000,0x00000000f5580000,0x00000000f9580000)
  from space 10752K, 56% used [0x00000000f9580000,0x00000000f9b63008,0x00000000fa000000)
  to   space 10752K, 0% used [0x00000000fa000000,0x00000000fa000000,0x00000000faa80000)
 ParOldGen       total 175104K, used 16K [0x00000000e0000000, 0x00000000eab00000, 0x00000000f5580000)
  object space 175104K, 0% used [0x00000000e0000000,0x00000000e0004000,0x00000000eab00000)
 Metaspace       used 8015K, capacity 8202K, committed 8320K, reserved 1056768K
  class space    used 998K, capacity 1073K, committed 1152K, reserved 1048576K
}
Event: 10.903 GC heap before
{Heap before GC invocations=2 (full 0):
 PSYoungGen      total 76288K, used 71564K [0x00000000f5580000, 0x00000000faa80000, 0x0000000100000000)
  eden space 65536K, 100% used [0x00000000f5580000,0x00000000f9580000,0x00000000f9580000)
  from space 10752K, 56% used [0x00000000f9580000,0x00000000f9b63008,0x00000000fa000000)
  to   space 10752K, 0% used [0x00000000fa000000,0x00000000fa000000,0x00000000faa80000)
 ParOldGen       total 175104K, used 16K [0x00000000e0000000, 0x00000000eab00000, 0x00000000f5580000)
  object space 175104K, 0% used [0x00000000e0000000,0x00000000e0004000,0x00000000eab00000)
 Metaspace       used 15070K, capacity 15466K, committed 15744K, reserved 1062912K
  class space    used 2037K, capacity 2161K, committed 2176K, reserved 1048576K
Event: 10.921 GC heap after
Heap after GC invocations=2 (full 0):
 PSYoungGen      total 76288K, used 9296K [0x00000000f5580000, 0x00000000faa80000, 0x0000000100000000)
  eden space 65536K, 0% used [0x00000000f5580000,0x00000000f5580000,0x00000000f9580000)
  from space 10752K, 86% used [0x00000000fa000000,0x00000000fa9141b8,0x00000000faa80000)
  to   space 10752K, 0% used [0x00000000f9580000,0x00000000f9580000,0x00000000fa000000)
 ParOldGen       total 175104K, used 24K [0x00000000e0000000, 0x00000000eab00000, 0x00000000f5580000)
  object space 175104K, 0% used [0x00000000e0000000,0x00000000e0006000,0x00000000eab00000)
 Metaspace       used 15070K, capacity 15466K, committed 15744K, reserved 1062912K
  class space    used 2037K, capacity 2161K, committed 2176K, reserved 1048576K
}
Event: 14.234 GC heap before
{Heap before GC invocations=3 (full 0):
 PSYoungGen      total 76288K, used 74832K [0x00000000f5580000, 0x00000000faa80000, 0x0000000100000000)
  eden space 65536K, 100% used [0x00000000f5580000,0x00000000f9580000,0x00000000f9580000)
  from space 10752K, 86% used [0x00000000fa000000,0x00000000fa9141b8,0x00000000faa80000)
  to   space 10752K, 0% used [0x00000000f9580000,0x00000000f9580000,0x00000000fa000000)
 ParOldGen       total 175104K, used 24K [0x00000000e0000000, 0x00000000eab00000, 0x00000000f5580000)
  object space 175104K, 0% used [0x00000000e0000000,0x00000000e0006000,0x00000000eab00000)
 Metaspace       used 20464K, capacity 21128K, committed 21296K, reserved 1067008K
  class space    used 2931K, capacity 3160K, committed 3200K, reserved 1048576K
Event: 14.259 GC heap after
Heap after GC invocations=3 (full 0):
 PSYoungGen      total 76288K, used 10738K [0x00000000f5580000, 0x00000000faa80000, 0x0000000100000000)
  eden space 65536K, 0% used [0x00000000f5580000,0x00000000f5580000,0x00000000f9580000)
  from space 10752K, 99% used [0x00000000f9580000,0x00000000f9ffca70,0x00000000fa000000)
  to   space 10752K, 0% used [0x00000000fa000000,0x00000000fa000000,0x00000000faa80000)
 ParOldGen       total 175104K, used 1137K [0x00000000e0000000, 0x00000000eab00000, 0x00000000f5580000)
  object space 175104K, 0% used [0x00000000e0000000,0x00000000e011c480,0x00000000eab00000)
 Metaspace       used 20464K, capacity 21128K, committed 21296K, reserved 1067008K
  class space    used 2931K, capacity 3160K, committed 3200K, reserved 1048576K
}
Event: 14.592 GC heap before
{Heap before GC invocations=4 (full 0):
 PSYoungGen      total 76288K, used 14650K [0x00000000f5580000, 0x00000000faa80000, 0x0000000100000000)
  eden space 65536K, 5% used [0x00000000f5580000,0x00000000f5951f40,0x00000000f9580000)
  from space 10752K, 99% used [0x00000000f9580000,0x00000000f9ffca70,0x00000000fa000000)
  to   space 10752K, 0% used [0x00000000fa000000,0x00000000fa000000,0x00000000faa80000)
 ParOldGen       total 175104K, used 1137K [0x00000000e0000000, 0x00000000eab00000, 0x00000000f5580000)
  object space 175104K, 0% used [0x00000000e0000000,0x00000000e011c480,0x00000000eab00000)
 Metaspace       used 20618K, capacity 21222K, committed 21296K, reserved 1067008K
  class space    used 2961K, capacity 3165K, committed 3200K, reserved 1048576K
Event: 14.612 GC heap after
Heap after GC invocations=4 (full 0):
 PSYoungGen      total 76288K, used 7236K [0x00000000f5580000, 0x00000000fea80000, 0x0000000100000000)
  eden space 65536K, 0% used [0x00000000f5580000,0x00000000f5580000,0x00000000f9580000)
  from space 10752K, 67% used [0x00000000fa000000,0x00000000fa711070,0x00000000faa80000)
  to   space 10752K, 0% used [0x00000000f9580000,0x00000000f9580000,0x00000000fa000000)
 ParOldGen       total 175104K, used 1145K [0x00000000e0000000, 0x00000000eab00000, 0x00000000f5580000)
  object space 175104K, 0% used [0x00000000e0000000,0x00000000e011e480,0x00000000eab00000)
 Metaspace       used 20618K, capacity 21222K, committed 21296K, reserved 1067008K
  class space    used 2961K, capacity 3165K, committed 3200K, reserved 1048576K
}
Event: 14.612 GC heap before
{Heap before GC invocations=5 (full 1):
 PSYoungGen      total 76288K, used 7236K [0x00000000f5580000, 0x00000000fea80000, 0x0000000100000000)
  eden space 65536K, 0% used [0x00000000f5580000,0x00000000f5580000,0x00000000f9580000)
  from space 10752K, 67% used [0x00000000fa000000,0x00000000fa711070,0x00000000faa80000)
  to   space 10752K, 0% used [0x00000000f9580000,0x00000000f9580000,0x00000000fa000000)
 ParOldGen       total 175104K, used 1145K [0x00000000e0000000, 0x00000000eab00000, 0x00000000f5580000)
  object space 175104K, 0% used [0x00000000e0000000,0x00000000e011e480,0x00000000eab00000)
 Metaspace       used 20618K, capacity 21222K, committed 21296K, reserved 1067008K
  class space    used 2961K, capacity 3165K, committed 3200K, reserved 1048576K
Event: 14.685 GC heap after
Heap after GC invocations=5 (full 1):
 PSYoungGen      total 76288K, used 0K [0x00000000f5580000, 0x00000000fea80000, 0x0000000100000000)
  eden space 65536K, 0% used [0x00000000f5580000,0x00000000f5580000,0x00000000f9580000)
  from space 10752K, 0% used [0x00000000fa000000,0x00000000fa000000,0x00000000faa80000)
  to   space 10752K, 0% used [0x00000000f9580000,0x00000000f9580000,0x00000000fa000000)
 ParOldGen       total 175104K, used 7055K [0x00000000e0000000, 0x00000000eab00000, 0x00000000f5580000)
  object space 175104K, 4% used [0x00000000e0000000,0x00000000e06e3ff0,0x00000000eab00000)
 Metaspace       used 20618K, capacity 21222K, committed 21296K, reserved 1067008K
  class space    used 2961K, capacity 3165K, committed 3200K, reserved 1048576K
}

Deoptimization events (10 events):
Event: 15.274 Thread 0x0000000018d77800 Uncommon trap: reason=class_check action=maybe_recompile pc=0x0000000003880f98 method=java.util.regex.Pattern$BmpCharProperty.match(Ljava/util/regex/Matcher;ILjava/lang/CharSequence;)Z @ 11
Event: 15.275 Thread 0x0000000018d77800 Uncommon trap: reason=class_check action=maybe_recompile pc=0x0000000003880f98 method=java.util.regex.Pattern$BmpCharProperty.match(Ljava/util/regex/Matcher;ILjava/lang/CharSequence;)Z @ 11
Event: 15.275 Thread 0x0000000018d77800 Uncommon trap: reason=class_check action=maybe_recompile pc=0x0000000003880f98 method=java.util.regex.Pattern$BmpCharProperty.match(Ljava/util/regex/Matcher;ILjava/lang/CharSequence;)Z @ 11
Event: 15.275 Thread 0x0000000018d77800 Uncommon trap: reason=class_check action=maybe_recompile pc=0x0000000003880f98 method=java.util.regex.Pattern$BmpCharProperty.match(Ljava/util/regex/Matcher;ILjava/lang/CharSequence;)Z @ 11
Event: 15.315 Thread 0x0000000018d77800 Uncommon trap: reason=unstable_if action=reinterpret pc=0x00000000035e850c method=java.io.WinNTFileSystem.resolve(Ljava/lang/String;Ljava/lang/String;)Ljava/lang/String; @ 49
Event: 15.402 Thread 0x0000000018d77800 Uncommon trap: reason=unstable_if action=reinterpret pc=0x0000000003662070 method=java.util.LinkedHashMap.afterNodeInsertion(Z)V @ 1
Event: 16.320 Thread 0x0000000018d77800 Uncommon trap: reason=class_check action=maybe_recompile pc=0x0000000003531e24 method=sun.misc.URLClassPath.getLoader(I)Lsun/misc/URLClassPath$Loader; @ 94
Event: 16.320 Thread 0x0000000018d77800 Uncommon trap: reason=class_check action=maybe_recompile pc=0x00000000036a3bec method=sun.misc.URLClassPath.getResource(Ljava/lang/String;Z)Lsun/misc/Resource; @ 62
Event: 16.320 Thread 0x0000000018d77800 Uncommon trap: reason=unstable_if action=reinterpret pc=0x0000000003939d68 method=java.lang.String.regionMatches(ZILjava/lang/String;II)Z @ 41
Event: 16.338 Thread 0x0000000018d77800 Uncommon trap: reason=unstable_if action=reinterpret pc=0x0000000003653e6c method=java.lang.ClassLoader.getClassLoadingLock(Ljava/lang/String;)Ljava/lang/Object; @ 6

Classes redefined (0 events):
No events

Internal exceptions (10 events):
Event: 14.694 Thread 0x0000000018d77800 Exception <a 'java/lang/NoSuchMethodError': <clinit>> (0x00000000f56270f8) thrown at [C:\re\workspace\8-2-build-windows-amd64-cygwin\jdk8u221\13320\hotspot\src\share\vm\prims\jni.cpp, line 1614]
Event: 14.694 Thread 0x0000000018d77800 Exception <a 'java/lang/NoSuchMethodError': <clinit>> (0x00000000f562b298) thrown at [C:\re\workspace\8-2-build-windows-amd64-cygwin\jdk8u221\13320\hotspot\src\share\vm\prims\jni.cpp, line 1614]
Event: 14.694 Thread 0x0000000018d77800 Exception <a 'java/lang/NoSuchMethodError': <clinit>> (0x00000000f562cc20) thrown at [C:\re\workspace\8-2-build-windows-amd64-cygwin\jdk8u221\13320\hotspot\src\share\vm\prims\jni.cpp, line 1614]
Event: 14.695 Thread 0x0000000018d77800 Exception <a 'java/lang/NoSuchMethodError': <clinit>> (0x00000000f562e308) thrown at [C:\re\workspace\8-2-build-windows-amd64-cygwin\jdk8u221\13320\hotspot\src\share\vm\prims\jni.cpp, line 1614]
Event: 14.695 Thread 0x0000000018d77800 Exception <a 'java/lang/NoSuchMethodError': <clinit>> (0x00000000f562fc40) thrown at [C:\re\workspace\8-2-build-windows-amd64-cygwin\jdk8u221\13320\hotspot\src\share\vm\prims\jni.cpp, line 1614]
Event: 14.695 Thread 0x0000000018d77800 Exception <a 'java/lang/NoSuchMethodError': <clinit>> (0x00000000f5631240) thrown at [C:\re\workspace\8-2-build-windows-amd64-cygwin\jdk8u221\13320\hotspot\src\share\vm\prims\jni.cpp, line 1614]
Event: 14.695 Thread 0x0000000018d77800 Exception <a 'java/lang/NoSuchMethodError': <clinit>> (0x00000000f56326e0) thrown at [C:\re\workspace\8-2-build-windows-amd64-cygwin\jdk8u221\13320\hotspot\src\share\vm\prims\jni.cpp, line 1614]
Event: 14.892 Thread 0x0000000018d77800 Implicit null exception at 0x00000000037af055 to 0x00000000037af261
Event: 15.014 Thread 0x0000000018d77800 Exception <a 'java/lang/NoSuchMethodError': java.lang.Object.lambda$withReadOnlyCache$0(Ljava/util/function/BiFunction;Lorg/gradle/api/internal/artifacts/ivyservice/ArtifactCacheMetadata;)Ljava/lang/Object;> (0x00000000f6499148) thrown at [C:\re\workspace
Event: 15.073 Thread 0x0000000018d77800 Exception <a 'java/lang/NoSuchMethodError': java.lang.Object.lambda$static$0(Lorg/gradle/api/internal/artifacts/ivyservice/ivyresolve/ModuleComponentRepository;Ljava/lang/String;Lorg/gradle/api/internal/artifacts/configurations/ResolutionStrategyInternal;

Events (10 events):
Event: 16.838 loading class org/codehaus/groovy/runtime/metaclass/NewStaticMetaMethod
Event: 16.838 loading class org/codehaus/groovy/runtime/metaclass/NewStaticMetaMethod done
Event: 16.840 loading class org/codehaus/groovy/runtime/m12n/ExtensionModuleScanner
Event: 16.840 loading class org/codehaus/groovy/runtime/m12n/ExtensionModuleScanner done
Event: 16.841 loading class org/codehaus/groovy/runtime/metaclass/MetaClassRegistryImpl$DefaultModuleListener
Event: 16.841 loading class org/codehaus/groovy/runtime/metaclass/MetaClassRegistryImpl$DefaultModuleListener done
Event: 16.842 loading class org/codehaus/groovy/util/URLStreams
Event: 16.842 loading class org/codehaus/groovy/util/URLStreams done
Event: 16.863 loading class org/codehaus/groovy/runtime/m12n/StandardPropertiesModuleFactory
Event: 16.863 loading class org/codehaus/groovy/runtime/m12n/StandardPropertiesModuleFactory done


Dynamic libraries:
0x00007ff6eda60000 - 0x00007ff6eda97000 	C:\Program Files\Java\jdk1.8.0_221\bin\java.exe
0x00007ffa89be0000 - 0x00007ffa89dcd000 	C:\WINDOWS\SYSTEM32\ntdll.dll
0x00007ffa639b0000 - 0x00007ffa63a21000 	C:\WINDOWS\System32\verifier.dll
0x00007ffa442b0000 - 0x00007ffa443a4000 	C:\WINDOWS\SYSTEM32\PayloadRestrictions.dll
0x00007ffa86680000 - 0x00007ffa8677a000 	C:\WINDOWS\System32\ucrtbase.dll
0x00007ffa86a60000 - 0x00007ffa86cf5000 	C:\WINDOWS\System32\kernelbase.dll
0x00007ffa89af0000 - 0x00007ffa89ba3000 	C:\WINDOWS\System32\kernel32.dll
0x0000000066220000 - 0x00000000662b3000 	C:\WINDOWS\System32\SYSFER.DLL
0x00007ffa89870000 - 0x00007ffa89913000 	C:\WINDOWS\System32\ADVAPI32.dll
0x00007ffa878e0000 - 0x00007ffa8797e000 	C:\WINDOWS\System32\msvcrt.dll
0x00007ffa892c0000 - 0x00007ffa8935e000 	C:\WINDOWS\System32\sechost.dll
0x00007ffa87400000 - 0x00007ffa87522000 	C:\WINDOWS\System32\RPCRT4.dll
0x00007ffa89950000 - 0x00007ffa89ae7000 	C:\WINDOWS\System32\USER32.dll
0x00007ffa85f10000 - 0x00007ffa85f30000 	C:\WINDOWS\System32\win32u.dll
0x00007ffa87980000 - 0x00007ffa879a9000 	C:\WINDOWS\System32\GDI32.dll
0x00007ffa85d50000 - 0x00007ffa85eea000 	C:\WINDOWS\System32\gdi32full.dll
0x00007ffa86d60000 - 0x00007ffa86e00000 	C:\WINDOWS\System32\msvcp_win.dll
0x00007ffa6fbf0000 - 0x00007ffa6fe69000 	C:\WINDOWS\WinSxS\amd64_microsoft.windows.common-controls_6595b64144ccf1df_6.0.17763.1282_none_de75b6f253473c0f\COMCTL32.dll
0x00007ffa870d0000 - 0x00007ffa873fc000 	C:\WINDOWS\System32\combase.dll
0x00007ffa85ca0000 - 0x00007ffa85d1e000 	C:\WINDOWS\System32\bcryptPrimitives.dll
0x00007ffa89920000 - 0x00007ffa8994e000 	C:\WINDOWS\System32\IMM32.DLL
0x00007ffa848d0000 - 0x00007ffa849f1000 	C:\Program Files\Avecto\Privilege Guard Client\PGHook.dll
0x00007ffa87c00000 - 0x00007ffa890f8000 	C:\WINDOWS\System32\shell32.dll
0x00007ffa86830000 - 0x00007ffa8687a000 	C:\WINDOWS\System32\cfgmgr32.dll
0x00007ffa879b0000 - 0x00007ffa87a58000 	C:\WINDOWS\System32\shcore.dll
0x00007ffa85f30000 - 0x00007ffa8667f000 	C:\WINDOWS\System32\windows.storage.dll
0x00007ffa85c70000 - 0x00007ffa85c94000 	C:\WINDOWS\System32\profapi.dll
0x00007ffa85c10000 - 0x00007ffa85c6d000 	C:\WINDOWS\System32\powrprof.dll
0x00007ffa89200000 - 0x00007ffa89252000 	C:\WINDOWS\System32\shlwapi.dll
0x00007ffa85bd0000 - 0x00007ffa85be1000 	C:\WINDOWS\System32\kernel.appcore.dll
0x00007ffa85ef0000 - 0x00007ffa85f07000 	C:\WINDOWS\System32\cryptsp.dll
0x00007ffa84d10000 - 0x00007ffa84d43000 	C:\WINDOWS\system32\rsaenh.dll
0x00007ffa85d20000 - 0x00007ffa85d46000 	C:\WINDOWS\System32\bcrypt.dll
0x00007ffa85560000 - 0x00007ffa8556c000 	C:\WINDOWS\SYSTEM32\CRYPTBASE.dll
0x00000000644c0000 - 0x0000000064592000 	C:\Program Files\Java\jdk1.8.0_221\jre\bin\msvcr100.dll
0x00000000622d0000 - 0x0000000062b75000 	C:\Program Files\Java\jdk1.8.0_221\jre\bin\server\jvm.dll
0x00007ffa897e0000 - 0x00007ffa897e8000 	C:\WINDOWS\System32\PSAPI.DLL
0x00007ffa72410000 - 0x00007ffa72419000 	C:\WINDOWS\SYSTEM32\WSOCK32.dll
0x00007ffa87a60000 - 0x00007ffa87acd000 	C:\WINDOWS\System32\WS2_32.dll
0x00007ffa7bc80000 - 0x00007ffa7bca4000 	C:\WINDOWS\SYSTEM32\WINMM.dll
0x00007ffa72400000 - 0x00007ffa7240a000 	C:\WINDOWS\SYSTEM32\VERSION.dll
0x00007ffa7bc50000 - 0x00007ffa7bc7d000 	C:\WINDOWS\SYSTEM32\WINMMBASE.dll
0x00007ffa750f0000 - 0x00007ffa750ff000 	C:\Program Files\Java\jdk1.8.0_221\jre\bin\verify.dll
0x00007ffa6f940000 - 0x00007ffa6f969000 	C:\Program Files\Java\jdk1.8.0_221\jre\bin\java.dll
0x00007ffa6f8f0000 - 0x00007ffa6f906000 	C:\Program Files\Java\jdk1.8.0_221\jre\bin\zip.dll
0x00007ffa6d080000 - 0x00007ffa6d09a000 	C:\Program Files\Java\jdk1.8.0_221\jre\bin\net.dll
0x00007ffa72040000 - 0x00007ffa72217000 	C:\WINDOWS\SYSTEM32\urlmon.dll
0x00007ffa72820000 - 0x00007ffa72ac8000 	C:\WINDOWS\SYSTEM32\iertutil.dll
0x00007ffa853e0000 - 0x00007ffa85447000 	C:\WINDOWS\system32\mswsock.dll
0x00007ffa6eca0000 - 0x00007ffa6ecb6000 	C:\WINDOWS\system32\napinsp.dll
0x00007ffa6ec80000 - 0x00007ffa6ec9a000 	C:\WINDOWS\system32\pnrpnsp.dll
0x00007ffa85160000 - 0x00007ffa85227000 	C:\WINDOWS\SYSTEM32\DNSAPI.dll
0x00007ffa891f0000 - 0x00007ffa891f8000 	C:\WINDOWS\System32\NSI.dll
0x00007ffa85110000 - 0x00007ffa8514d000 	C:\WINDOWS\SYSTEM32\IPHLPAPI.DLL
0x00007ffa6f030000 - 0x00007ffa6f03e000 	C:\WINDOWS\System32\winrnr.dll
0x00007ffa7ea30000 - 0x00007ffa7ea4b000 	C:\WINDOWS\system32\NLAapi.dll
0x00007ffa77620000 - 0x00007ffa77635000 	C:\WINDOWS\system32\wshbth.dll
0x00007ffa70080000 - 0x00007ffa7008a000 	C:\Windows\System32\rasadhlp.dll
0x00007ffa7b3a0000 - 0x00007ffa7b419000 	C:\WINDOWS\System32\fwpuclnt.dll
0x00007ffa741d0000 - 0x00007ffa741dd000 	C:\Program Files\Java\jdk1.8.0_221\jre\bin\management.dll
0x00007ffa638d0000 - 0x00007ffa638e2000 	C:\Program Files\Java\jdk1.8.0_221\jre\bin\nio.dll
0x00007ffa727f0000 - 0x00007ffa72817000 	C:\Users\Kaushal.Kumar1\.gradle\native\481b90ef2c2b5ab96622bab5346fdaaafe5c91895d4d4de1c4fe4b2e89a8011f\windows-amd64\native-platform.dll
0x00007ffa85b00000 - 0x00007ffa85b28000 	C:\WINDOWS\SYSTEM32\USERENV.dll
0x00007ffa776a0000 - 0x00007ffa776b6000 	C:\WINDOWS\SYSTEM32\dhcpcsvc6.DLL
0x00007ffa77ec0000 - 0x00007ffa77edc000 	C:\WINDOWS\SYSTEM32\dhcpcsvc.DLL
0x00007ffa7c220000 - 0x00007ffa7c22b000 	C:\WINDOWS\SYSTEM32\WINNSI.DLL

VM Arguments:
jvm_args: -XX:MaxMetaspaceSize=256m -XX:+HeapDumpOnOutOfMemoryError -Xms256m -Xmx512m -Dfile.encoding=windows-1252 -Duser.country=IN -Duser.language=en -Duser.variant 
java_command: org.gradle.launcher.daemon.bootstrap.GradleDaemon 6.4.1
java_class_path (initial): C:\Users\Kaushal.Kumar1\.gradle\wrapper\dists\gradle-6.4.1-bin\33549z180oh3o1s64iwo25l48\gradle-6.4.1\lib\gradle-launcher-6.4.1.jar
Launcher Type: SUN_STANDARD

Environment Variables:
JAVA_HOME=C:\Program Files\Java\jdk1.8.0_221
PATH=C:\WINDOWS\system32;C:\WINDOWS;C:\WINDOWS\System32\Wbem;C:\WINDOWS\System32\WindowsPowerShell\v1.0\;C:\WINDOWS\System32\OpenSSH\;C:\TA\apache-ant-1.8.2\apache-ant-1.8.2\bin;C:\Program Files\Microsoft SQL Server\Client SDK\ODBC\130\Tools\Binn\;C:\Program Files (x86)\Microsoft SQL Server\140\Tools\Binn\;C:\Program Files\Microsoft SQL Server\140\Tools\Binn\;C:\Program Files\Microsoft SQL Server\140\DTS\Binn\;C:\Program Files\Microsoft SQL Server\Client SDK\ODBC\110\Tools\Binn\;C:\Program Files (x86)\Microsoft SQL Server\120\Tools\Binn\;C:\Program Files\Microsoft SQL Server\120\Tools\Binn\;C:\Program Files\Microsoft SQL Server\120\DTS\Binn\;C:\Program Files (x86)\Microsoft SQL Server\120\Tools\Binn\ManagementStudio\;C:\Program Files (x86)\Microsoft SQL Server\120\DTS\Binn\;C:\Program Files\TortoiseSVN\bin;C:\Program Files\Java\jdk1.8.0_221\bin;%M2%;C:\Program Files\MySQL\MySQL Server 8.0\bin;C:\Program Files (x86)\Common Files\Hitachi ID\;C:\Program Files\Common Files\Hitachi ID\;C:\Program Files\TortoiseGit\bin;C:\Program Files\SourceGear\Common\DiffMerge\;C:\Program Files (x86)\Riverbed\Steelhead Mobile\;C:\Program Files\1E\Client\Extensibility\NomadBranch;C:\Program Files\MySQL\MySQL Shell 8.0\bin\;C:\Users\Kaushal.Kumar1\AppData\Local\Microsoft\WindowsApps;C:\Program Files\Java\jdk1.8.0_221\bin;C:\kaushal\new_workspace10032020\apache-maven-3.6.3-bin\apache-maven-3.6.3\bin;C:\kaushal\new_workspace10032020\Git\cmd
USERNAME=Kaushal.Kumar1
OS=Windows_NT
PROCESSOR_IDENTIFIER=Intel64 Family 6 Model 142 Stepping 10, GenuineIntel



---------------  S Y S T E M  ---------------

OS: Windows 10.0 , 64 bit Build 17763 (10.0.17763.1158)

CPU:total 8 (initial active 8) (4 cores per cpu, 2 threads per core) family 6 model 142 stepping 10, cmov, cx8, fxsr, mmx, sse, sse2, sse3, ssse3, sse4.1, sse4.2, popcnt, avx, avx2, aes, clmul, erms, rtm, 3dnowpref, lzcnt, ht, tsc, tscinvbit, bmi1, bmi2, adx

Memory: 4k page, physical 8228040k(270620k free), swap 33393864k(2548k free)

vm_info: Java HotSpot(TM) 64-Bit Server VM (25.221-b11) for windows-amd64 JRE (1.8.0_221-b11), built on Jul  4 2019 04:39:29 by "java_re" with MS VC++ 10.0 (VS2010)

time: Fri Jul 31 13:40:35 2020
timezone: India Standard Time
elapsed time: 16 seconds (0d 0h 0m 16s)

